<?xml version="1.0" encoding="UTF-8"?>
<!-- Generated by org.testng.reporters.JUnitXMLReporter -->
<testsuite ignored="0" hostname="KSPL-001" failures="0" tests="3" name="Test" time="72.803" errors="0" timestamp="2025-02-24T11:09:31 IST">
  <testcase classname="testCases.TC001_LoginTest" name="verify_login" time="13.976"/>
  <testcase classname="testCases.TC003_CreateUserTest" name="verify_userCreation" time="23.511"/>
  <testcase classname="testCases.TC004_ProfileUpdateTest" name="verify_profileUpdate" time="25.095"/>
</testsuite> <!-- Test -->
