<?xml version="1.0" encoding="UTF-8"?>
<testng-results ignored="0" total="1" passed="1" failed="0" skipped="0">
  <reporter-output>
  </reporter-output>
  <suite started-at="2025-02-28T12:31:35 IST" name="Suite" finished-at="2025-02-28T12:31:50 IST" duration-ms="14751">
    <groups>
      <group name="Master">
        <method signature="TC001_LoginTest.verify_login()[pri:0, instance:testCases.TC001_LoginTest@191ae03f]" name="verify_login" class="testCases.TC001_LoginTest"/>
      </group> <!-- Master -->
      <group name="Regression">
        <method signature="TC001_LoginTest.verify_login()[pri:0, instance:testCases.TC001_LoginTest@191ae03f]" name="verify_login" class="testCases.TC001_LoginTest"/>
      </group> <!-- Regression -->
    </groups>
    <test started-at="2025-02-28T12:31:35 IST" name="Test" finished-at="2025-02-28T12:31:50 IST" duration-ms="14751">
      <class name="testCases.TC001_LoginTest">
        <test-method is-config="true" signature="setup(java.lang.String,java.lang.String)[pri:0, instance:testCases.TC001_LoginTest@191ae03f]" started-at="2025-02-28T12:31:36 IST" name="setup" finished-at="2025-02-28T12:31:38 IST" duration-ms="2771" status="PASS">
          <params>
            <param index="0">
              <value>
                <![CDATA[Windows]]>
              </value>
            </param>
            <param index="1">
              <value>
                <![CDATA[chrome]]>
              </value>
            </param>
          </params>
          <reporter-output>
          </reporter-output>
        </test-method> <!-- setup -->
        <test-method signature="verify_login()[pri:0, instance:testCases.TC001_LoginTest@191ae03f]" started-at="2025-02-28T12:31:38 IST" name="verify_login" finished-at="2025-02-28T12:31:50 IST" duration-ms="11457" status="PASS">
          <reporter-output>
          </reporter-output>
        </test-method> <!-- verify_login -->
        <test-method is-config="true" signature="tearDown()[pri:0, instance:testCases.TC001_LoginTest@191ae03f]" started-at="2025-02-28T12:31:50 IST" name="tearDown" finished-at="2025-02-28T12:31:50 IST" duration-ms="268" status="PASS">
          <reporter-output>
          </reporter-output>
        </test-method> <!-- tearDown -->
      </class> <!-- testCases.TC001_LoginTest -->
    </test> <!-- Test -->
  </suite> <!-- Suite -->
</testng-results>
