<?xml version="1.0" encoding="UTF-8"?>
<testng-results ignored="0" total="1" passed="1" failed="0" skipped="0">
  <reporter-output>
  </reporter-output>
  <suite started-at="2025-03-04T15:32:14 IST" name="Suite" finished-at="2025-03-04T15:32:29 IST" duration-ms="15114">
    <groups>
      <group name="Master">
        <method signature="TC007_LogoutTest.Verify_Logout()[pri:0, instance:testCases.TC007_LogoutTest@21526f6c]" name="Verify_Logout" class="testCases.TC007_LogoutTest"/>
      </group> <!-- Master -->
      <group name="Regression">
        <method signature="TC007_LogoutTest.Verify_Logout()[pri:0, instance:testCases.TC007_LogoutTest@21526f6c]" name="Verify_Logout" class="testCases.TC007_LogoutTest"/>
      </group> <!-- Regression -->
    </groups>
    <test started-at="2025-03-04T15:32:14 IST" name="Test" finished-at="2025-03-04T15:32:29 IST" duration-ms="15114">
      <class name="testCases.TC007_LogoutTest">
        <test-method is-config="true" signature="setup(java.lang.String,java.lang.String)[pri:0, instance:testCases.TC007_LogoutTest@21526f6c]" started-at="2025-03-04T15:32:14 IST" name="setup" finished-at="2025-03-04T15:32:17 IST" duration-ms="2786" status="PASS">
          <params>
            <param index="0">
              <value>
                <![CDATA[Windows]]>
              </value>
            </param>
            <param index="1">
              <value>
                <![CDATA[chrome]]>
              </value>
            </param>
          </params>
          <reporter-output>
          </reporter-output>
        </test-method> <!-- setup -->
        <test-method signature="Verify_Logout()[pri:0, instance:testCases.TC007_LogoutTest@21526f6c]" started-at="2025-03-04T15:32:17 IST" name="Verify_Logout" finished-at="2025-03-04T15:32:29 IST" duration-ms="11783" status="PASS">
          <reporter-output>
          </reporter-output>
        </test-method> <!-- Verify_Logout -->
        <test-method is-config="true" signature="tearDown()[pri:0, instance:testCases.TC007_LogoutTest@21526f6c]" started-at="2025-03-04T15:32:29 IST" name="tearDown" finished-at="2025-03-04T15:32:29 IST" duration-ms="269" status="PASS">
          <reporter-output>
          </reporter-output>
        </test-method> <!-- tearDown -->
      </class> <!-- testCases.TC007_LogoutTest -->
    </test> <!-- Test -->
  </suite> <!-- Suite -->
</testng-results>
